[debug] [2023-05-17T15:22:41.561Z] ----------------------------------------------------------------------
[debug] [2023-05-17T15:22:41.563Z] Command:       C:\Program Files\nodejs\node.exe C:\Users\User\AppData\Roaming\npm\node_modules\firebase-tools\lib\bin\firebase.js init
[debug] [2023-05-17T15:22:41.563Z] CLI Version:   12.0.1
[debug] [2023-05-17T15:22:41.564Z] Platform:      win32
[debug] [2023-05-17T15:22:41.564Z] Node Version:  v19.3.0
[debug] [2023-05-17T15:22:41.564Z] Time:          Wed May 17 2023 21:22:41 GMT+0600 (Bangladesh Standard Time)
[debug] [2023-05-17T15:22:41.564Z] ----------------------------------------------------------------------
[debug] 
[debug] [2023-05-17T15:22:41.566Z] >>> [apiv2][query] GET https://firebase-public.firebaseio.com/cli.json [none]
[debug] [2023-05-17T15:22:41.609Z] > command requires scopes: ["email","openid","https://www.googleapis.com/auth/cloudplatformprojects.readonly","https://www.googleapis.com/auth/firebase","https://www.googleapis.com/auth/cloud-platform"]
[debug] [2023-05-17T15:22:41.609Z] > authorizing via signed-in user (samimhossainsujon@gmail.com)
[info] 
     ######## #### ########  ######## ########     ###     ######  ########
     ##        ##  ##     ## ##       ##     ##  ##   ##  ##       ##
     ######    ##  ########  ######   ########  #########  ######  ######
     ##        ##  ##    ##  ##       ##     ## ##     ##       ## ##
     ##       #### ##     ## ######## ########  ##     ##  ######  ########

You're about to initialize a Firebase project in this directory:

  D:\promgramin hero\Assessment\Assignment-11\assignment-11-client

[debug] [2023-05-17T15:22:42.301Z] <<< [apiv2][status] GET https://firebase-public.firebaseio.com/cli.json 200
[debug] [2023-05-17T15:22:42.302Z] <<< [apiv2][body] GET https://firebase-public.firebaseio.com/cli.json {"cloudBuildErrorAfter":1594252800000,"cloudBuildWarnAfter":1590019200000,"defaultNode10After":1594252800000,"minVersion":"3.0.5","node8DeploysDisabledAfter":1613390400000,"node8RuntimeDisabledAfter":1615809600000,"node8WarnAfter":1600128000000}
